2017-04-08 21:21:38.684: BEGIN
2017-04-08 21:21:38.694: Arguments: [-p, 2345]
2017-04-08 21:21:38.695: Connecting To Database Instance...
2017-04-08 21:21:39.214: Successfully Connected To Database Instance
2017-04-08 21:21:39.214: Recreating Tables...
2017-04-08 21:21:39.216: Successfully Recreated Tables
2017-04-08 21:21:39.22: Starting TCP Server...
2017-04-08 21:21:39.22: Starting UPD Server...
2017-04-08 21:21:42.591: [tcp][server] PeersQuery{}
2017-04-08 21:21:42.591: Peers QUERIED
2017-04-08 21:21:42.591: Successfully Selected Peers
2017-04-08 21:21:42.592: RETURNED PEERS
2017-04-08 21:21:42.594: [tcp][server] PeersAnswer{peers=[]}
2017-04-08 21:21:42.594: ENCODING PEERS
2017-04-08 21:24:30.543: [tcp][server] PeersQuery{}
2017-04-08 21:24:30.543: Peers QUERIED
2017-04-08 21:24:30.543: Successfully Selected Peers
2017-04-08 21:24:30.543: RETURNED PEERS
2017-04-08 21:24:30.544: [tcp][server] PeersAnswer{peers=[]}
2017-04-08 21:24:30.544: ENCODING PEERS
2017-04-08 21:24:39.358: [tcp][server] PeersQuery{}
2017-04-08 21:24:39.359: Peers QUERIED
2017-04-08 21:24:39.359: Successfully Selected Peers
2017-04-08 21:24:39.359: RETURNED PEERS
2017-04-08 21:24:39.359: [tcp][server] PeersAnswer{peers=[]}
2017-04-08 21:24:39.359: ENCODING PEERS
2017-04-08 21:24:43.567: [tcp][server] PeersQuery{}
2017-04-08 21:24:43.567: Peers QUERIED
2017-04-08 21:24:43.568: Successfully Selected Peers
2017-04-08 21:24:43.568: RETURNED PEERS
2017-04-08 21:24:43.568: [tcp][server] PeersAnswer{peers=[]}
2017-04-08 21:24:43.568: ENCODING PEERS
2017-04-08 21:24:52.549: [tcp][server] PeersQuery{}
2017-04-08 21:24:52.549: Peers QUERIED
2017-04-08 21:24:52.549: Successfully Selected Peers
2017-04-08 21:24:52.549: RETURNED PEERS
2017-04-08 21:24:52.549: [tcp][server] PeersAnswer{peers=[]}
2017-04-08 21:24:52.549: ENCODING PEERS
2017-04-08 21:24:56.602: [tcp][server] PeersQuery{}
2017-04-08 21:24:56.602: Peers QUERIED
2017-04-08 21:24:56.603: Successfully Selected Peers
2017-04-08 21:24:56.603: RETURNED PEERS
2017-04-08 21:24:56.603: [tcp][server] PeersAnswer{peers=[]}
2017-04-08 21:24:56.603: ENCODING PEERS
2017-04-08 21:25:01.59: [tcp][server] PeersQuery{}
2017-04-08 21:25:01.59: Peers QUERIED
2017-04-08 21:25:01.591: Successfully Selected Peers
2017-04-08 21:25:01.591: RETURNED PEERS
2017-04-08 21:25:01.591: [tcp][server] PeersAnswer{peers=[]}
2017-04-08 21:25:01.591: ENCODING PEERS
2017-04-08 21:25:06.779: [tcp][server] PeersQuery{}
2017-04-08 21:25:06.779: Peers QUERIED
2017-04-08 21:25:06.78: Successfully Selected Peers
2017-04-08 21:25:06.78: RETURNED PEERS
2017-04-08 21:25:06.78: [tcp][server] PeersAnswer{peers=[]}
2017-04-08 21:25:06.78: ENCODING PEERS
2017-04-08 21:25:13.377: [tcp][server] PeersQuery{}
2017-04-08 21:25:13.377: Peers QUERIED
2017-04-08 21:25:13.377: Successfully Selected Peers
2017-04-08 21:25:13.377: RETURNED PEERS
2017-04-08 21:25:13.377: [tcp][server] PeersAnswer{peers=[]}
2017-04-08 21:25:13.377: ENCODING PEERS
2017-04-08 21:25:17.837: [tcp][server] PeersQuery{}
2017-04-08 21:25:17.837: Peers QUERIED
2017-04-08 21:25:17.837: Successfully Selected Peers
2017-04-08 21:25:17.837: RETURNED PEERS
2017-04-08 21:25:17.838: [tcp][server] PeersAnswer{peers=[]}
2017-04-08 21:25:17.838: ENCODING PEERS
2017-04-08 21:26:11.297: [tcp][server] PeersQuery{}
2017-04-08 21:26:11.297: Peers QUERIED
2017-04-08 21:26:11.298: Successfully Selected Peers
2017-04-08 21:26:11.298: RETURNED PEERS
2017-04-08 21:26:11.298: [tcp][server] PeersAnswer{peers=[]}
2017-04-08 21:26:11.298: ENCODING PEERS
2017-04-08 21:26:16.154: [tcp][server] PeersQuery{}
2017-04-08 21:26:16.154: Peers QUERIED
2017-04-08 21:26:16.154: Successfully Selected Peers
2017-04-08 21:26:16.154: RETURNED PEERS
2017-04-08 21:26:16.154: [tcp][server] PeersAnswer{peers=[]}
2017-04-08 21:26:16.154: ENCODING PEERS
2017-04-08 21:26:22.617: Successfully Inserted Gossip: 'message'
2017-04-08 21:26:22.617: [tcp][server] Gossip{sha256hash='lFsEv+b2g8XFgo+KttmkkgxpPfjgBDXhlAhD51g2SW8=', timestamp=2017-04-09:01h26m22s594Z, message='message'}
2017-04-08 21:26:34.657: Successfully Upserted Peer: Sam - 1231:12321
2017-04-08 21:26:34.658: [tcp][server] Peer{name='Sam', port=12321, ip='1231'}
2017-04-08 21:26:38.569: [tcp][server] PeersQuery{}
2017-04-08 21:26:38.569: Peers QUERIED
2017-04-08 21:26:38.569: Successfully Selected Peers
2017-04-08 21:26:38.569: RETURNED PEERS
2017-04-08 21:26:38.57: [tcp][server] PeersAnswer{peers=[Peer{name='Sam', port=12321, ip='1231'}]}
2017-04-08 21:26:38.57: ENCODING PEERS
2017-04-08 21:26:49.473: Successfully Inserted Gossip: 'fdjaldaf'
2017-04-08 21:26:49.473: [tcp][server] Gossip{sha256hash='WT1SZnAr3hlV4B801kvEPq9I3R31sTEnKnYmBFhShss=', timestamp=2017-04-09:01h26m49s472Z, message='fdjaldaf'}
2017-04-08 21:26:59.168: Successfully Upserted Peer: Nick - 12321:21312
2017-04-08 21:26:59.169: [tcp][server] Peer{name='Nick', port=21312, ip='12321'}
2017-04-08 21:27:00.769: [tcp][server] PeersQuery{}
2017-04-08 21:27:00.77: Peers QUERIED
2017-04-08 21:27:00.77: Successfully Selected Peers
2017-04-08 21:27:00.77: RETURNED PEERS
2017-04-08 21:27:00.77: [tcp][server] PeersAnswer{peers=[Peer{name='Sam', port=12321, ip='1231'}, Peer{name='Nick', port=21312, ip='12321'}]}
2017-04-08 21:27:00.77: ENCODING PEERS
2017-04-08 21:27:03.921: [tcp][server] PeersQuery{}
2017-04-08 21:27:03.921: Peers QUERIED
2017-04-08 21:27:03.921: Successfully Selected Peers
2017-04-08 21:27:03.921: RETURNED PEERS
2017-04-08 21:27:03.921: [tcp][server] PeersAnswer{peers=[Peer{name='Sam', port=12321, ip='1231'}, Peer{name='Nick', port=21312, ip='12321'}]}
2017-04-08 21:27:03.921: ENCODING PEERS
2017-04-08 21:27:10.098: Successfully Inserted Gossip: ''
2017-04-08 21:27:10.098: [tcp][server] Gossip{sha256hash='2mwu6QQVbP1CjTchJgWzWaQtMc7oswnkaQ9YKBMecPk=', timestamp=2017-04-09:01h27m10s097Z, message=''}
